
Lmod is automatically replacing "nvhpc/22.11" with "gcc/12.2.0".


Lmod is automatically replacing "PrgEnv-nvhpc/8.3.3" with "PrgEnv-gnu/8.3.3".


Due to MODULEPATH changes, the following have been reloaded:
  1) cray-mpich/8.1.25

Traceback (most recent call last):
  File "/home/prayaagkatta/ai-science-training-series/03_advanced_neural_networks/01_conv_networks.py", line 28, in <module>
    alcf_image = Image.open("ALCF-Staff.jpg")
  File "/home/prayaagkatta/.conda/envs/groqflow/lib/python3.10/site-packages/PIL/Image.py", line 3277, in open
    fp = builtins.open(filename, "rb")
FileNotFoundError: [Errno 2] No such file or directory: '/home/prayaagkatta/ALCF-Staff.jpg'

Lmod is automatically replacing "nvhpc/22.11" with "gcc/12.2.0".


Lmod is automatically replacing "PrgEnv-nvhpc/8.3.3" with "PrgEnv-gnu/8.3.3".


Due to MODULEPATH changes, the following have been reloaded:
  1) cray-mpich/8.1.25

/home/prayaagkatta/.conda/envs/groqflow/lib/python3.10/site-packages/torchvision/transforms/v2/_deprecated.py:41: UserWarning: The transform `ToTensor()` is deprecated and will be removed in a future release. Instead, please use `v2.Compose([v2.ToImage(), v2.ToDtype(torch.float32, scale=True)])`.
  warnings.warn(
/home/prayaagkatta/.conda/envs/groqflow/lib/python3.10/site-packages/torch/cuda/__init__.py:141: UserWarning: CUDA initialization: The NVIDIA driver on your system is too old (found version 11080). Please update your GPU driver by downloading and installing a new version from the URL: http://www.nvidia.com/Download/index.aspx Alternatively, go to: https://pytorch.org to install a PyTorch version that has been compiled with your version of the CUDA driver. (Triggered internally at ../c10/cuda/CUDAFunctions.cpp:108.)
  return torch._C._cuda_getDeviceCount() > 0

Lmod is automatically replacing "nvhpc/22.11" with "gcc/12.2.0".


Lmod is automatically replacing "PrgEnv-nvhpc/8.3.3" with "PrgEnv-gnu/8.3.3".


Due to MODULEPATH changes, the following have been reloaded:
  1) cray-mpich/8.1.25

/home/prayaagkatta/.conda/envs/groqflow/lib/python3.10/site-packages/torchvision/transforms/v2/_deprecated.py:41: UserWarning: The transform `ToTensor()` is deprecated and will be removed in a future release. Instead, please use `v2.Compose([v2.ToImage(), v2.ToDtype(torch.float32, scale=True)])`.
  warnings.warn(
/home/prayaagkatta/.conda/envs/groqflow/lib/python3.10/site-packages/torch/cuda/__init__.py:141: UserWarning: CUDA initialization: The NVIDIA driver on your system is too old (found version 11080). Please update your GPU driver by downloading and installing a new version from the URL: http://www.nvidia.com/Download/index.aspx Alternatively, go to: https://pytorch.org to install a PyTorch version that has been compiled with your version of the CUDA driver. (Triggered internally at ../c10/cuda/CUDAFunctions.cpp:108.)
  return torch._C._cuda_getDeviceCount() > 0
